<?xml version="1.0" encoding="UTF-8"?>
<!-- Generated by org.testng.reporters.JUnitXMLReporter -->
<testsuite ignored="0" hostname="752ebf44c224" failures="1" tests="5" name="book-flight-4" time="4.834" errors="0" timestamp="2023-05-24T12:17:48 GMT">
  <testcase classname="com.newtours.tests.BookFlightTest" name="gotoRegistrationPage" time="2.207"/>
  <testcase classname="com.newtours.tests.BookFlightTest" name="gotoRegistrationConfirmationPage" time="0.199"/>
  <testcase classname="com.newtours.tests.BookFlightTest" name="flightDetailsPage" time="1.698"/>
  <testcase classname="com.newtours.tests.BookFlightTest" name="findFlightPage" time="0.465"/>
  <testcase classname="com.newtours.tests.BookFlightTest" name="FlightConfirmationPage" time="0.251">
    <failure type="java.lang.AssertionError" message="expected [$1169 USD] but found [$2338 USD]">
      <![CDATA[java.lang.AssertionError: expected [$1169 USD] but found [$2338 USD]
at com.newtours.tests.BookFlightTest.FlightConfirmationPage(BookFlightTest.java:80)
at java.base/java.util.ArrayList.forEach(ArrayList.java:1511)
... Removed 32 stack frames]]>
    </failure>
  </testcase> <!-- FlightConfirmationPage -->
</testsuite> <!-- book-flight-4 -->
