<?xml version="1.0" encoding="UTF-8"?>
<testng-results ignored="0" total="20" passed="19" failed="1" skipped="0">
  <reporter-output>
  </reporter-output>
  <suite started-at="2023-05-24T12:16:30 GMT" name="book-flight-module" finished-at="2023-05-24T12:17:48 GMT" duration-ms="77878">
    <groups>
    </groups>
    <test started-at="2023-05-24T12:16:30 GMT" name="book-flight-1" finished-at="2023-05-24T12:17:33 GMT" duration-ms="62448">
      <class name="com.newtours.tests.BookFlightTest">
        <test-method is-config="true" signature="setupValues(java.lang.String,java.lang.String)[pri:0, instance:com.newtours.tests.BookFlightTest@27c6e487]" started-at="2023-05-24T12:16:30 GMT" name="setupValues" finished-at="2023-05-24T12:17:24 GMT" duration-ms="54183" status="PASS">
          <params>
            <param index="0">
              <value>
                <![CDATA[1]]>
              </value>
            </param>
            <param index="1">
              <value>
                <![CDATA[$584 USD]]>
              </value>
            </param>
          </params>
          <reporter-output>
          </reporter-output>
        </test-method> <!-- setupValues -->
        <test-method signature="gotoRegistrationPage()[pri:0, instance:com.newtours.tests.BookFlightTest@27c6e487]" started-at="2023-05-24T12:17:24 GMT" name="gotoRegistrationPage" finished-at="2023-05-24T12:17:29 GMT" duration-ms="4642" status="PASS">
          <reporter-output>
          </reporter-output>
        </test-method> <!-- gotoRegistrationPage -->
        <test-method signature="gotoRegistrationConfirmationPage()[pri:0, instance:com.newtours.tests.BookFlightTest@27c6e487]" started-at="2023-05-24T12:17:29 GMT" name="gotoRegistrationConfirmationPage" finished-at="2023-05-24T12:17:29 GMT" depends-on-methods="com.newtours.tests.BookFlightTest.gotoRegistrationPage" duration-ms="401" status="PASS">
          <reporter-output>
          </reporter-output>
        </test-method> <!-- gotoRegistrationConfirmationPage -->
        <test-method signature="flightDetailsPage()[pri:0, instance:com.newtours.tests.BookFlightTest@27c6e487]" started-at="2023-05-24T12:17:29 GMT" name="flightDetailsPage" finished-at="2023-05-24T12:17:31 GMT" depends-on-methods="com.newtours.tests.BookFlightTest.gotoRegistrationConfirmationPage" duration-ms="1936" status="PASS">
          <reporter-output>
          </reporter-output>
        </test-method> <!-- flightDetailsPage -->
        <test-method signature="findFlightPage()[pri:0, instance:com.newtours.tests.BookFlightTest@27c6e487]" started-at="2023-05-24T12:17:31 GMT" name="findFlightPage" finished-at="2023-05-24T12:17:32 GMT" depends-on-methods="com.newtours.tests.BookFlightTest.flightDetailsPage" duration-ms="642" status="PASS">
          <reporter-output>
          </reporter-output>
        </test-method> <!-- findFlightPage -->
        <test-method signature="FlightConfirmationPage()[pri:0, instance:com.newtours.tests.BookFlightTest@27c6e487]" started-at="2023-05-24T12:17:32 GMT" name="FlightConfirmationPage" finished-at="2023-05-24T12:17:33 GMT" depends-on-methods="com.newtours.tests.BookFlightTest.findFlightPage" duration-ms="553" status="PASS">
          <reporter-output>
          </reporter-output>
        </test-method> <!-- FlightConfirmationPage -->
      </class> <!-- com.newtours.tests.BookFlightTest -->
    </test> <!-- book-flight-1 -->
    <test started-at="2023-05-24T12:17:33 GMT" name="book-flight-2" finished-at="2023-05-24T12:17:38 GMT" duration-ms="5575">
      <class name="com.newtours.tests.BookFlightTest">
        <test-method is-config="true" signature="setupValues(java.lang.String,java.lang.String)[pri:0, instance:com.newtours.tests.BookFlightTest@7f77e91b]" started-at="2023-05-24T12:17:33 GMT" name="setupValues" finished-at="2023-05-24T12:17:33 GMT" duration-ms="1" status="PASS">
          <params>
            <param index="0">
              <value>
                <![CDATA[2]]>
              </value>
            </param>
            <param index="1">
              <value>
                <![CDATA[$1169 USD]]>
              </value>
            </param>
          </params>
          <reporter-output>
          </reporter-output>
        </test-method> <!-- setupValues -->
        <test-method signature="gotoRegistrationPage()[pri:0, instance:com.newtours.tests.BookFlightTest@7f77e91b]" started-at="2023-05-24T12:17:33 GMT" name="gotoRegistrationPage" finished-at="2023-05-24T12:17:35 GMT" duration-ms="2511" status="PASS">
          <reporter-output>
          </reporter-output>
        </test-method> <!-- gotoRegistrationPage -->
        <test-method signature="gotoRegistrationConfirmationPage()[pri:0, instance:com.newtours.tests.BookFlightTest@7f77e91b]" started-at="2023-05-24T12:17:35 GMT" name="gotoRegistrationConfirmationPage" finished-at="2023-05-24T12:17:36 GMT" depends-on-methods="com.newtours.tests.BookFlightTest.gotoRegistrationPage" duration-ms="256" status="PASS">
          <reporter-output>
          </reporter-output>
        </test-method> <!-- gotoRegistrationConfirmationPage -->
        <test-method signature="flightDetailsPage()[pri:0, instance:com.newtours.tests.BookFlightTest@7f77e91b]" started-at="2023-05-24T12:17:36 GMT" name="flightDetailsPage" finished-at="2023-05-24T12:17:37 GMT" depends-on-methods="com.newtours.tests.BookFlightTest.gotoRegistrationConfirmationPage" duration-ms="1854" status="PASS">
          <reporter-output>
          </reporter-output>
        </test-method> <!-- flightDetailsPage -->
        <test-method signature="findFlightPage()[pri:0, instance:com.newtours.tests.BookFlightTest@7f77e91b]" started-at="2023-05-24T12:17:37 GMT" name="findFlightPage" finished-at="2023-05-24T12:17:38 GMT" depends-on-methods="com.newtours.tests.BookFlightTest.flightDetailsPage" duration-ms="558" status="PASS">
          <reporter-output>
          </reporter-output>
        </test-method> <!-- findFlightPage -->
        <test-method signature="FlightConfirmationPage()[pri:0, instance:com.newtours.tests.BookFlightTest@7f77e91b]" started-at="2023-05-24T12:17:38 GMT" name="FlightConfirmationPage" finished-at="2023-05-24T12:17:38 GMT" depends-on-methods="com.newtours.tests.BookFlightTest.findFlightPage" duration-ms="375" status="PASS">
          <reporter-output>
          </reporter-output>
        </test-method> <!-- FlightConfirmationPage -->
      </class> <!-- com.newtours.tests.BookFlightTest -->
    </test> <!-- book-flight-2 -->
    <test started-at="2023-05-24T12:17:38 GMT" name="book-flight-3" finished-at="2023-05-24T12:17:43 GMT" duration-ms="4775">
      <class name="com.newtours.tests.BookFlightTest">
        <test-method is-config="true" signature="setupValues(java.lang.String,java.lang.String)[pri:0, instance:com.newtours.tests.BookFlightTest@2357d90a]" started-at="2023-05-24T12:17:38 GMT" name="setupValues" finished-at="2023-05-24T12:17:38 GMT" duration-ms="1" status="PASS">
          <params>
            <param index="0">
              <value>
                <![CDATA[3]]>
              </value>
            </param>
            <param index="1">
              <value>
                <![CDATA[$1753 USD]]>
              </value>
            </param>
          </params>
          <reporter-output>
          </reporter-output>
        </test-method> <!-- setupValues -->
        <test-method signature="gotoRegistrationPage()[pri:0, instance:com.newtours.tests.BookFlightTest@2357d90a]" started-at="2023-05-24T12:17:38 GMT" name="gotoRegistrationPage" finished-at="2023-05-24T12:17:40 GMT" duration-ms="1878" status="PASS">
          <reporter-output>
          </reporter-output>
        </test-method> <!-- gotoRegistrationPage -->
        <test-method signature="gotoRegistrationConfirmationPage()[pri:0, instance:com.newtours.tests.BookFlightTest@2357d90a]" started-at="2023-05-24T12:17:40 GMT" name="gotoRegistrationConfirmationPage" finished-at="2023-05-24T12:17:41 GMT" depends-on-methods="com.newtours.tests.BookFlightTest.gotoRegistrationPage" duration-ms="280" status="PASS">
          <reporter-output>
          </reporter-output>
        </test-method> <!-- gotoRegistrationConfirmationPage -->
        <test-method signature="flightDetailsPage()[pri:0, instance:com.newtours.tests.BookFlightTest@2357d90a]" started-at="2023-05-24T12:17:41 GMT" name="flightDetailsPage" finished-at="2023-05-24T12:17:42 GMT" depends-on-methods="com.newtours.tests.BookFlightTest.gotoRegistrationConfirmationPage" duration-ms="1704" status="PASS">
          <reporter-output>
          </reporter-output>
        </test-method> <!-- flightDetailsPage -->
        <test-method signature="findFlightPage()[pri:0, instance:com.newtours.tests.BookFlightTest@2357d90a]" started-at="2023-05-24T12:17:42 GMT" name="findFlightPage" finished-at="2023-05-24T12:17:43 GMT" depends-on-methods="com.newtours.tests.BookFlightTest.flightDetailsPage" duration-ms="553" status="PASS">
          <reporter-output>
          </reporter-output>
        </test-method> <!-- findFlightPage -->
        <test-method signature="FlightConfirmationPage()[pri:0, instance:com.newtours.tests.BookFlightTest@2357d90a]" started-at="2023-05-24T12:17:43 GMT" name="FlightConfirmationPage" finished-at="2023-05-24T12:17:43 GMT" depends-on-methods="com.newtours.tests.BookFlightTest.findFlightPage" duration-ms="348" status="PASS">
          <reporter-output>
          </reporter-output>
        </test-method> <!-- FlightConfirmationPage -->
      </class> <!-- com.newtours.tests.BookFlightTest -->
    </test> <!-- book-flight-3 -->
    <test started-at="2023-05-24T12:17:43 GMT" name="book-flight-4" finished-at="2023-05-24T12:17:48 GMT" duration-ms="4834">
      <class name="com.newtours.tests.BookFlightTest">
        <test-method is-config="true" signature="setupValues(java.lang.String,java.lang.String)[pri:0, instance:com.newtours.tests.BookFlightTest@8b96fde]" started-at="2023-05-24T12:17:43 GMT" name="setupValues" finished-at="2023-05-24T12:17:43 GMT" duration-ms="1" status="PASS">
          <params>
            <param index="0">
              <value>
                <![CDATA[4]]>
              </value>
            </param>
            <param index="1">
              <value>
                <![CDATA[$1169 USD]]>
              </value>
            </param>
          </params>
          <reporter-output>
          </reporter-output>
        </test-method> <!-- setupValues -->
        <test-method signature="gotoRegistrationPage()[pri:0, instance:com.newtours.tests.BookFlightTest@8b96fde]" started-at="2023-05-24T12:17:43 GMT" name="gotoRegistrationPage" finished-at="2023-05-24T12:17:45 GMT" duration-ms="2207" status="PASS">
          <reporter-output>
          </reporter-output>
        </test-method> <!-- gotoRegistrationPage -->
        <test-method signature="gotoRegistrationConfirmationPage()[pri:0, instance:com.newtours.tests.BookFlightTest@8b96fde]" started-at="2023-05-24T12:17:45 GMT" name="gotoRegistrationConfirmationPage" finished-at="2023-05-24T12:17:46 GMT" depends-on-methods="com.newtours.tests.BookFlightTest.gotoRegistrationPage" duration-ms="199" status="PASS">
          <reporter-output>
          </reporter-output>
        </test-method> <!-- gotoRegistrationConfirmationPage -->
        <test-method signature="flightDetailsPage()[pri:0, instance:com.newtours.tests.BookFlightTest@8b96fde]" started-at="2023-05-24T12:17:46 GMT" name="flightDetailsPage" finished-at="2023-05-24T12:17:47 GMT" depends-on-methods="com.newtours.tests.BookFlightTest.gotoRegistrationConfirmationPage" duration-ms="1698" status="PASS">
          <reporter-output>
          </reporter-output>
        </test-method> <!-- flightDetailsPage -->
        <test-method signature="findFlightPage()[pri:0, instance:com.newtours.tests.BookFlightTest@8b96fde]" started-at="2023-05-24T12:17:47 GMT" name="findFlightPage" finished-at="2023-05-24T12:17:48 GMT" depends-on-methods="com.newtours.tests.BookFlightTest.flightDetailsPage" duration-ms="465" status="PASS">
          <reporter-output>
          </reporter-output>
        </test-method> <!-- findFlightPage -->
        <test-method signature="FlightConfirmationPage()[pri:0, instance:com.newtours.tests.BookFlightTest@8b96fde]" started-at="2023-05-24T12:17:48 GMT" name="FlightConfirmationPage" finished-at="2023-05-24T12:17:48 GMT" depends-on-methods="com.newtours.tests.BookFlightTest.findFlightPage" duration-ms="251" status="FAIL">
          <exception class="java.lang.AssertionError">
            <message>
              <![CDATA[expected [$1169 USD] but found [$2338 USD]]]>
            </message>
            <full-stacktrace>
              <![CDATA[java.lang.AssertionError: expected [$1169 USD] but found [$2338 USD]
at org.testng.Assert.fail(Assert.java:110)
at org.testng.Assert.failNotEquals(Assert.java:1413)
at org.testng.Assert.assertEqualsImpl(Assert.java:149)
at org.testng.Assert.assertEquals(Assert.java:131)
at org.testng.Assert.assertEquals(Assert.java:655)
at org.testng.Assert.assertEquals(Assert.java:665)
at com.newtours.tests.BookFlightTest.FlightConfirmationPage(BookFlightTest.java:80)
at java.base/jdk.internal.reflect.NativeMethodAccessorImpl.invoke0(Native Method)
at java.base/jdk.internal.reflect.NativeMethodAccessorImpl.invoke(NativeMethodAccessorImpl.java:77)
at java.base/jdk.internal.reflect.DelegatingMethodAccessorImpl.invoke(DelegatingMethodAccessorImpl.java:43)
at java.base/java.lang.reflect.Method.invoke(Method.java:568)
at org.testng.internal.invokers.MethodInvocationHelper.invokeMethod(MethodInvocationHelper.java:139)
at org.testng.internal.invokers.TestInvoker.invokeMethod(TestInvoker.java:677)
at org.testng.internal.invokers.TestInvoker.invokeTestMethod(TestInvoker.java:221)
at org.testng.internal.invokers.MethodRunner.runInSequence(MethodRunner.java:50)
at org.testng.internal.invokers.TestInvoker$MethodInvocationAgent.invoke(TestInvoker.java:969)
at org.testng.internal.invokers.TestInvoker.invokeTestMethods(TestInvoker.java:194)
at org.testng.internal.invokers.TestMethodWorker.invokeTestMethods(TestMethodWorker.java:148)
at org.testng.internal.invokers.TestMethodWorker.run(TestMethodWorker.java:128)
at java.base/java.util.ArrayList.forEach(ArrayList.java:1511)
at org.testng.TestRunner.privateRun(TestRunner.java:829)
at org.testng.TestRunner.run(TestRunner.java:602)
at org.testng.SuiteRunner.runTest(SuiteRunner.java:437)
at org.testng.SuiteRunner.runSequentially(SuiteRunner.java:431)
at org.testng.SuiteRunner.privateRun(SuiteRunner.java:391)
at org.testng.SuiteRunner.run(SuiteRunner.java:330)
at org.testng.SuiteRunnerWorker.runSuite(SuiteRunnerWorker.java:52)
at org.testng.SuiteRunnerWorker.run(SuiteRunnerWorker.java:95)
at org.testng.TestNG.runSuitesSequentially(TestNG.java:1256)
at org.testng.TestNG.runSuitesLocally(TestNG.java:1176)
at org.testng.TestNG.runSuites(TestNG.java:1099)
at org.testng.TestNG.run(TestNG.java:1067)
at org.testng.TestNG.privateMain(TestNG.java:1414)
at org.testng.TestNG.main(TestNG.java:1378)
]]>
            </full-stacktrace>
          </exception> <!-- java.lang.AssertionError -->
          <reporter-output>
          </reporter-output>
        </test-method> <!-- FlightConfirmationPage -->
      </class> <!-- com.newtours.tests.BookFlightTest -->
    </test> <!-- book-flight-4 -->
  </suite> <!-- book-flight-module -->
</testng-results>
