<?xml version="1.0" encoding="UTF-8"?>
<!-- Generated by org.testng.reporters.JUnitXMLReporter -->
<testsuite ignored="0" hostname="142b627e8695" failures="1" tests="5" name="book-flight-4" time="5.075" errors="0" timestamp="2023-05-23T12:19:23 GMT">
  <testcase classname="com.newtours.tests.BookFlightTest" name="gotoRegistrationPage" time="1.968"/>
  <testcase classname="com.newtours.tests.BookFlightTest" name="gotoRegistrationConfirmationPage" time="0.136"/>
  <testcase classname="com.newtours.tests.BookFlightTest" name="flightDetailsPage" time="1.983"/>
  <testcase classname="com.newtours.tests.BookFlightTest" name="findFlightPage" time="0.811"/>
  <testcase classname="com.newtours.tests.BookFlightTest" name="FlightConfirmationPage" time="0.166">
    <failure type="java.lang.AssertionError" message="expected [$1169 USD] but found [$2338 USD]">
      <![CDATA[java.lang.AssertionError: expected [$1169 USD] but found [$2338 USD]
at com.newtours.tests.BookFlightTest.FlightConfirmationPage(BookFlightTest.java:80)
at java.base/java.util.ArrayList.forEach(ArrayList.java:1511)
... Removed 32 stack frames]]>
    </failure>
  </testcase> <!-- FlightConfirmationPage -->
</testsuite> <!-- book-flight-4 -->
