<?xml version="1.0" encoding="UTF-8"?>
<!-- Generated by org.testng.reporters.JUnitXMLReporter -->
<testsuite ignored="0" hostname="8d32585f8abd" failures="1" tests="5" name="book-flight-4" time="7.168" errors="0" timestamp="2023-05-23T16:04:22 GMT">
  <testcase classname="com.newtours.tests.BookFlightTest" name="gotoRegistrationPage" time="4.201"/>
  <testcase classname="com.newtours.tests.BookFlightTest" name="gotoRegistrationConfirmationPage" time="0.218"/>
  <testcase classname="com.newtours.tests.BookFlightTest" name="flightDetailsPage" time="1.828"/>
  <testcase classname="com.newtours.tests.BookFlightTest" name="findFlightPage" time="0.636"/>
  <testcase classname="com.newtours.tests.BookFlightTest" name="FlightConfirmationPage" time="0.269">
    <failure type="java.lang.AssertionError" message="expected [$1169 USD] but found [$2338 USD]">
      <![CDATA[java.lang.AssertionError: expected [$1169 USD] but found [$2338 USD]
at com.newtours.tests.BookFlightTest.FlightConfirmationPage(BookFlightTest.java:80)
at java.base/java.util.ArrayList.forEach(ArrayList.java:1511)
... Removed 32 stack frames]]>
    </failure>
  </testcase> <!-- FlightConfirmationPage -->
</testsuite> <!-- book-flight-4 -->
